2020-06-11 12:00:02,101 : DEBUG : __main__ : Initiating instance of class "Komplett"
2020-06-11 12:00:02,101 : DEBUG : __main__ : Category: gpu
2020-06-11 12:00:02,101 : DEBUG : __main__ : URL: https://www.komplett.dk/product/1103205/hardware/pc-komponenter/grafikkort/asus-geforce-rtx-2080-ti-rog-strix-oc#
2020-06-11 12:00:02,101 : INFO : __main__ : Getting response from URL...
2020-06-11 12:00:02,549 : INFO : __main__ : Got response from URL
2020-06-11 12:00:02,601 : INFO : __main__ : Saving record...
2020-06-11 12:00:07,997 : INFO : __main__ : Record saved
2020-06-11 12:00:07,997 : DEBUG : __main__ : Initiating instance of class "Komplett"
2020-06-11 12:00:07,997 : DEBUG : __main__ : Category: ssd
2020-06-11 12:00:07,998 : DEBUG : __main__ : URL: https://www.komplett.dk/product/1133452/hardware/lagring/harddiskssd/ssd-m2/corsair-force-series-mp600-1tb-m2-ssd#
2020-06-11 12:00:07,998 : INFO : __main__ : Getting response from URL...
2020-06-11 12:00:08,268 : INFO : __main__ : Got response from URL
2020-06-11 12:00:08,316 : INFO : __main__ : Saving record...
2020-06-11 12:00:08,316 : INFO : __main__ : Record saved
2020-06-14 12:00:02,504 : DEBUG : __main__ : Initiating instance of class "Komplett"
2020-06-14 12:00:02,544 : DEBUG : __main__ : Category: gpu
2020-06-14 12:00:02,544 : DEBUG : __main__ : URL: https://www.komplett.dk/product/1103205/hardware/pc-komponenter/grafikkort/asus-geforce-rtx-2080-ti-rog-strix-oc#
2020-06-14 12:00:02,544 : INFO : __main__ : Getting response from URL...
2020-06-14 12:00:04,071 : INFO : __main__ : Got response from URL
2020-06-14 12:00:04,117 : INFO : __main__ : Saving record...
2020-06-14 12:00:04,155 : INFO : __main__ : Record saved
2020-06-14 12:00:04,155 : DEBUG : __main__ : Initiating instance of class "Komplett"
2020-06-14 12:00:04,155 : DEBUG : __main__ : Category: ssd
2020-06-14 12:00:04,155 : DEBUG : __main__ : URL: https://www.komplett.dk/product/1133452/hardware/lagring/harddiskssd/ssd-m2/corsair-force-series-mp600-1tb-m2-ssd#
2020-06-14 12:00:04,156 : INFO : __main__ : Getting response from URL...
2020-06-14 12:00:04,533 : INFO : __main__ : Got response from URL
2020-06-14 12:00:04,579 : INFO : __main__ : Saving record...
2020-06-14 12:00:04,583 : INFO : __main__ : Record saved
2020-06-16 12:00:02,361 : DEBUG : __main__ : Initiating instance of class "Komplett"
2020-06-16 12:00:02,370 : DEBUG : __main__ : Category: gpu
2020-06-16 12:00:02,370 : DEBUG : __main__ : URL: https://www.komplett.dk/product/1103205/hardware/pc-komponenter/grafikkort/asus-geforce-rtx-2080-ti-rog-strix-oc#
2020-06-16 12:00:02,370 : INFO : __main__ : Getting response from URL...
2020-06-16 12:00:02,704 : INFO : __main__ : Got response from URL
2020-06-16 12:00:02,750 : INFO : __main__ : Saving record...
2020-06-16 12:00:02,768 : INFO : __main__ : Record saved
2020-06-16 12:00:02,768 : DEBUG : __main__ : Initiating instance of class "Komplett"
2020-06-16 12:00:02,768 : DEBUG : __main__ : Category: ssd
2020-06-16 12:00:02,768 : DEBUG : __main__ : URL: https://www.komplett.dk/product/1133452/hardware/lagring/harddiskssd/ssd-m2/corsair-force-series-mp600-1tb-m2-ssd#
2020-06-16 12:00:02,768 : INFO : __main__ : Getting response from URL...
2020-06-16 12:00:05,752 : INFO : __main__ : Got response from URL
2020-06-16 12:00:05,797 : ERROR : __main__ : Failed in method "Komplett.get_info()": 'NoneType' object has no attribute 'text'
Traceback (most recent call last):
  File "komplett_scraping.py", line 36, in __init__
    self.get_info()
  File "komplett_scraping.py", line 51, in get_info
    self.price = ''.join(self.html_soup.find_all('div', class_='price-freight')[0].div.span.text.strip('.,-').split('.'))
AttributeError: 'NoneType' object has no attribute 'text'
2020-06-16 12:00:05,797 : INFO : __main__ : Saving record...
2020-06-16 12:00:05,800 : ERROR : __main__ : Failed in method "Komplett.save_record()": 'Komplett' object has no attribute 'price'
Traceback (most recent call last):
  File "komplett_scraping.py", line 41, in __init__
    self.save_record()
  File "komplett_scraping.py", line 63, in save_record
    data[self.cat][self.date] = {"name": f"{self.name}", "price": f"{self.price}", "from": f'{self.URL_domain}', "part_num": f'{self.part_num}'}
AttributeError: 'Komplett' object has no attribute 'price'
2020-06-17 15:30:31,264 : DEBUG : __main__ : Initiating instance of class "Komplett"
2020-06-17 15:30:31,264 : DEBUG : __main__ : Category: gpu
2020-06-17 15:30:31,264 : DEBUG : __main__ : URL: https://www.komplett.dk/product/1103205/hardware/pc-komponenter/grafikkort/asus-geforce-rtx-2080-ti-rog-strix-oc#
2020-06-17 15:30:31,265 : INFO : __main__ : Getting response from URL...
2020-06-17 15:30:31,523 : INFO : __main__ : Got response from URL
2020-06-17 15:30:31,570 : INFO : __main__ : Saving record...
2020-06-17 15:30:31,571 : INFO : __main__ : Record saved
2020-06-17 15:30:31,571 : DEBUG : __main__ : Initiating instance of class "Komplett"
2020-06-17 15:30:31,571 : DEBUG : __main__ : Category: ssd
2020-06-17 15:30:31,571 : DEBUG : __main__ : URL: https://www.komplett.dk/product/1133452/hardware/lagring/harddiskssd/ssd-m2/corsair-force-series-mp600-1tb-m2-ssd#
2020-06-17 15:30:31,571 : INFO : __main__ : Getting response from URL...
2020-06-17 15:30:31,806 : INFO : __main__ : Got response from URL
2020-06-17 15:30:31,855 : INFO : __main__ : Saving record...
2020-06-17 15:30:31,860 : INFO : __main__ : Record saved
2020-06-17 15:30:49,773 : DEBUG : __main__ : Initiating instance of class "Komplett"
2020-06-17 15:30:49,773 : DEBUG : __main__ : Category: gpu
2020-06-17 15:30:49,774 : DEBUG : __main__ : URL: https://www.komplett.dk/product/1103205/hardware/pc-komponenter/grafikkort/asus-geforce-rtx-2080-ti-rog-strix-oc#
2020-06-17 15:30:49,774 : INFO : __main__ : Getting response from URL...
2020-06-17 15:30:50,180 : INFO : __main__ : Got response from URL
2020-06-17 15:30:50,226 : INFO : __main__ : Saving record...
2020-06-17 15:30:50,227 : INFO : __main__ : Record saved
2020-06-17 15:30:50,227 : DEBUG : __main__ : Initiating instance of class "Komplett"
2020-06-17 15:30:50,227 : DEBUG : __main__ : Category: ssd
2020-06-17 15:30:50,227 : DEBUG : __main__ : URL: https://www.komplett.dk/product/1133452/hardware/lagring/harddiskssd/ssd-m2/corsair-force-series-mp600-1tb-m2-ssd#
2020-06-17 15:30:50,227 : INFO : __main__ : Getting response from URL...
2020-06-17 15:30:50,509 : INFO : __main__ : Got response from URL
2020-06-17 15:30:50,560 : INFO : __main__ : Saving record...
2020-06-17 15:30:50,561 : INFO : __main__ : Record saved
<<<<<<< HEAD
2020-07-15 18:00:21,855 : DEBUG : __main__ : Initiating instance of class "Komplett"
2020-07-15 18:00:21,855 : DEBUG : __main__ : Category: gpu
2020-07-15 18:00:21,855 : DEBUG : __main__ : URL: https://www.komplett.dk/product/1103205/hardware/pc-komponenter/grafikkort/asus-geforce-rtx-2080-ti-rog-strix-oc#
2020-07-15 18:00:21,856 : INFO : __main__ : Getting response from URL...
2020-07-15 18:00:23,151 : INFO : __main__ : Got response from URL
2020-07-15 18:00:23,279 : INFO : __main__ : Saving record...
2020-07-15 18:00:23,280 : INFO : __main__ : Record saved
2020-07-15 18:00:23,280 : DEBUG : __main__ : Initiating instance of class "Komplett"
2020-07-15 18:00:23,280 : DEBUG : __main__ : Category: ssd
2020-07-15 18:00:23,280 : DEBUG : __main__ : URL: https://www.komplett.dk/product/1133452/hardware/lagring/harddiskssd/ssd-m2/corsair-force-series-mp600-1tb-m2-ssd#
2020-07-15 18:00:23,280 : INFO : __main__ : Getting response from URL...
2020-07-15 18:00:23,603 : INFO : __main__ : Got response from URL
2020-07-15 18:00:23,729 : INFO : __main__ : Saving record...
2020-07-15 18:00:23,729 : INFO : __main__ : Record saved
2020-07-15 18:06:16,450 : DEBUG : __main__ : Initiating instance of class "Komplett"
2020-07-15 18:06:16,450 : DEBUG : __main__ : Category: gpu
2020-07-15 18:06:16,450 : DEBUG : __main__ : URL: https://www.komplett.dk/product/1103205/hardware/pc-komponenter/grafikkort/asus-geforce-rtx-2080-ti-rog-strix-oc#
2020-07-15 18:06:16,450 : INFO : __main__ : Getting response from URL...
2020-07-15 18:06:16,687 : INFO : __main__ : Got response from URL
2020-07-15 18:06:16,812 : INFO : __main__ : Saving record...
2020-07-15 18:06:16,812 : INFO : __main__ : Record saved
2020-07-15 18:06:16,812 : DEBUG : __main__ : Initiating instance of class "Komplett"
2020-07-15 18:06:16,812 : DEBUG : __main__ : Category: ssd
2020-07-15 18:06:16,812 : DEBUG : __main__ : URL: https://www.komplett.dk/product/1133452/hardware/lagring/harddiskssd/ssd-m2/corsair-force-series-mp600-1tb-m2-ssd#
2020-07-15 18:06:16,813 : INFO : __main__ : Getting response from URL...
2020-07-15 18:06:17,133 : INFO : __main__ : Got response from URL
2020-07-15 18:06:17,253 : INFO : __main__ : Saving record...
2020-07-15 18:06:17,253 : INFO : __main__ : Record saved
2020-07-15 18:08:53,491 : DEBUG : __main__ : Initiating instance of class "Komplett"
2020-07-15 18:08:53,491 : DEBUG : __main__ : Category: gpu
2020-07-15 18:08:53,491 : DEBUG : __main__ : URL: https://www.komplett.dk/product/1103205/hardware/pc-komponenter/grafikkort/asus-geforce-rtx-2080-ti-rog-strix-oc#
2020-07-15 18:08:53,491 : INFO : __main__ : Getting response from URL...
2020-07-15 18:08:53,741 : INFO : __main__ : Got response from URL
2020-07-15 18:08:53,866 : INFO : __main__ : Saving record...
2020-07-15 18:08:53,866 : INFO : __main__ : Record saved
2020-07-15 18:08:53,866 : DEBUG : __main__ : Initiating instance of class "Komplett"
2020-07-15 18:08:53,867 : DEBUG : __main__ : Category: ssd
2020-07-15 18:08:53,867 : DEBUG : __main__ : URL: https://www.komplett.dk/product/1133452/hardware/lagring/harddiskssd/ssd-m2/corsair-force-series-mp600-1tb-m2-ssd#
2020-07-15 18:08:53,867 : INFO : __main__ : Getting response from URL...
2020-07-15 18:08:54,096 : INFO : __main__ : Got response from URL
2020-07-15 18:08:54,218 : INFO : __main__ : Saving record...
2020-07-15 18:08:54,218 : INFO : __main__ : Record saved
=======
2020-07-05 23:58:57,654 : DEBUG : __main__ : Initiating instance of class "Komplett"
2020-07-05 23:58:57,654 : DEBUG : __main__ : Category: gpu
2020-07-05 23:58:57,654 : DEBUG : __main__ : URL: https://www.komplett.dk/product/1103205/hardware/pc-komponenter/grafikkort/asus-geforce-rtx-2080-ti-rog-strix-oc#
2020-07-05 23:58:57,654 : INFO : __main__ : Getting response from URL...
2020-07-05 23:58:57,966 : INFO : __main__ : Got response from URL
2020-07-05 23:58:58,060 : INFO : __main__ : Saving record...
2020-07-05 23:58:58,063 : INFO : __main__ : Record saved
2020-07-05 23:58:58,064 : DEBUG : __main__ : Initiating instance of class "Komplett"
2020-07-05 23:58:58,064 : DEBUG : __main__ : Category: ssd
2020-07-05 23:58:58,064 : DEBUG : __main__ : URL: https://www.komplett.dk/product/1133452/hardware/lagring/harddiskssd/ssd-m2/corsair-force-series-mp600-1tb-m2-ssd#
2020-07-05 23:58:58,064 : INFO : __main__ : Getting response from URL...
2020-07-05 23:58:58,348 : INFO : __main__ : Got response from URL
2020-07-05 23:58:58,451 : INFO : __main__ : Saving record...
2020-07-05 23:58:58,453 : INFO : __main__ : Record saved
2020-07-05 23:58:58,453 : DEBUG : __main__ : Initiating instance of class "Proshop"
2020-07-05 23:58:58,454 : DEBUG : __main__ : Category: gpu
2020-07-05 23:58:58,454 : DEBUG : __main__ : URL: https://www.proshop.dk/Grafikkort/ASUS-GeForce-RTX-2080-Ti-ROG-STRIX-OC-11GB-GDDR6-RAM-Grafikkort/2679518
2020-07-05 23:58:58,454 : INFO : __main__ : Getting response from URL...
2020-07-05 23:58:58,656 : INFO : __main__ : Got response from URl
2020-07-05 23:58:58,780 : INFO : __main__ : Saving record...
2020-07-05 23:58:58,784 : INFO : __main__ : Record saved
2020-07-05 23:58:58,785 : DEBUG : __main__ : Initiating instance of class "Proshop"
2020-07-05 23:58:58,785 : DEBUG : __main__ : Category: ssd
2020-07-05 23:58:58,785 : DEBUG : __main__ : URL: https://www.proshop.dk/SSD/Corsair-Force-MP600-NVMe-Gen4-M2-1TB/2779161
2020-07-05 23:58:58,785 : INFO : __main__ : Getting response from URL...
2020-07-05 23:58:58,939 : INFO : __main__ : Got response from URl
2020-07-05 23:58:58,992 : INFO : __main__ : Saving record...
2020-07-05 23:58:59,002 : INFO : __main__ : Record saved
>>>>>>> 26dcf81699ebc23704045022a76e9f76b7dccaf8
2020-07-15 18:23:04,110 : DEBUG : __main__ : Initiating instance of class "Komplett"
2020-07-15 18:23:04,110 : DEBUG : __main__ : Category: gpu
2020-07-15 18:23:04,110 : DEBUG : __main__ : URL: https://www.komplett.dk/product/1103205/hardware/pc-komponenter/grafikkort/asus-geforce-rtx-2080-ti-rog-strix-oc#
2020-07-15 18:23:04,110 : INFO : __main__ : Getting response from URL...
2020-07-15 18:23:04,869 : INFO : __main__ : Got response from URL
2020-07-15 18:23:04,971 : ERROR : __main__ : Failed in method "Komplett.get_info()": Expecting property name enclosed in double quotes: line 119 column 1 (char 4003)
Traceback (most recent call last):
  File "komplett_scraping.py", line 36, in __init__
    self.get_info()
  File "komplett_scraping.py", line 99, in get_info
    self.check_part_num()
  File "komplett_scraping.py", line 60, in check_part_num
    data = json.load(json_file)
  File "/usr/lib/python3.6/json/__init__.py", line 299, in load
    parse_constant=parse_constant, object_pairs_hook=object_pairs_hook, **kw)
  File "/usr/lib/python3.6/json/__init__.py", line 354, in loads
    return _default_decoder.decode(s)
  File "/usr/lib/python3.6/json/decoder.py", line 339, in decode
    obj, end = self.raw_decode(s, idx=_w(s, 0).end())
  File "/usr/lib/python3.6/json/decoder.py", line 355, in raw_decode
    obj, end = self.scan_once(s, idx)
json.decoder.JSONDecodeError: Expecting property name enclosed in double quotes: line 119 column 1 (char 4003)
2020-07-15 18:23:04,971 : INFO : __main__ : Saving record...
2020-07-15 18:23:04,972 : ERROR : __main__ : Failed in method "Komplett.save_record()": Expecting property name enclosed in double quotes: line 119 column 1 (char 4003)
Traceback (most recent call last):
  File "komplett_scraping.py", line 41, in __init__
    self.save_record()
  File "komplett_scraping.py", line 78, in save_record
    data = json.load(json_file)
  File "/usr/lib/python3.6/json/__init__.py", line 299, in load
    parse_constant=parse_constant, object_pairs_hook=object_pairs_hook, **kw)
  File "/usr/lib/python3.6/json/__init__.py", line 354, in loads
    return _default_decoder.decode(s)
  File "/usr/lib/python3.6/json/decoder.py", line 339, in decode
    obj, end = self.raw_decode(s, idx=_w(s, 0).end())
  File "/usr/lib/python3.6/json/decoder.py", line 355, in raw_decode
    obj, end = self.scan_once(s, idx)
json.decoder.JSONDecodeError: Expecting property name enclosed in double quotes: line 119 column 1 (char 4003)
2020-07-15 18:23:04,972 : DEBUG : __main__ : Initiating instance of class "Komplett"
2020-07-15 18:23:04,972 : DEBUG : __main__ : Category: ssd
2020-07-15 18:23:04,972 : DEBUG : __main__ : URL: https://www.komplett.dk/product/1133452/hardware/lagring/harddiskssd/ssd-m2/corsair-force-series-mp600-1tb-m2-ssd#
2020-07-15 18:23:04,972 : INFO : __main__ : Getting response from URL...
2020-07-15 18:23:05,437 : INFO : __main__ : Got response from URL
2020-07-15 18:23:05,535 : ERROR : __main__ : Failed in method "Komplett.get_info()": Expecting property name enclosed in double quotes: line 119 column 1 (char 4003)
Traceback (most recent call last):
  File "komplett_scraping.py", line 36, in __init__
    self.get_info()
  File "komplett_scraping.py", line 99, in get_info
    self.check_part_num()
  File "komplett_scraping.py", line 60, in check_part_num
    data = json.load(json_file)
  File "/usr/lib/python3.6/json/__init__.py", line 299, in load
    parse_constant=parse_constant, object_pairs_hook=object_pairs_hook, **kw)
  File "/usr/lib/python3.6/json/__init__.py", line 354, in loads
    return _default_decoder.decode(s)
  File "/usr/lib/python3.6/json/decoder.py", line 339, in decode
    obj, end = self.raw_decode(s, idx=_w(s, 0).end())
  File "/usr/lib/python3.6/json/decoder.py", line 355, in raw_decode
    obj, end = self.scan_once(s, idx)
json.decoder.JSONDecodeError: Expecting property name enclosed in double quotes: line 119 column 1 (char 4003)
2020-07-15 18:23:05,536 : INFO : __main__ : Saving record...
2020-07-15 18:23:05,536 : ERROR : __main__ : Failed in method "Komplett.save_record()": Expecting property name enclosed in double quotes: line 119 column 1 (char 4003)
Traceback (most recent call last):
  File "komplett_scraping.py", line 41, in __init__
    self.save_record()
  File "komplett_scraping.py", line 78, in save_record
    data = json.load(json_file)
  File "/usr/lib/python3.6/json/__init__.py", line 299, in load
    parse_constant=parse_constant, object_pairs_hook=object_pairs_hook, **kw)
  File "/usr/lib/python3.6/json/__init__.py", line 354, in loads
    return _default_decoder.decode(s)
  File "/usr/lib/python3.6/json/decoder.py", line 339, in decode
    obj, end = self.raw_decode(s, idx=_w(s, 0).end())
  File "/usr/lib/python3.6/json/decoder.py", line 355, in raw_decode
    obj, end = self.scan_once(s, idx)
json.decoder.JSONDecodeError: Expecting property name enclosed in double quotes: line 119 column 1 (char 4003)
2020-07-15 18:23:05,536 : DEBUG : __main__ : Initiating instance of class "Proshop"
2020-07-15 18:23:05,536 : DEBUG : __main__ : Category: gpu
2020-07-15 18:23:05,536 : DEBUG : __main__ : URL: https://www.proshop.dk/Grafikkort/ASUS-GeForce-RTX-2080-Ti-ROG-STRIX-OC-11GB-GDDR6-RAM-Grafikkort/2679518
2020-07-15 18:23:05,536 : INFO : __main__ : Getting response from URL...
2020-07-15 18:23:05,843 : INFO : __main__ : Got response from URl
2020-07-15 18:23:05,930 : ERROR : __main__ : Failed in method "Proshop.get_info()": Expecting property name enclosed in double quotes: line 119 column 1 (char 4003)
Traceback (most recent call last):
  File "komplett_scraping.py", line 36, in __init__
    self.get_info()
  File "komplett_scraping.py", line 116, in get_info
    self.check_part_num()
  File "komplett_scraping.py", line 60, in check_part_num
    data = json.load(json_file)
  File "/usr/lib/python3.6/json/__init__.py", line 299, in load
    parse_constant=parse_constant, object_pairs_hook=object_pairs_hook, **kw)
  File "/usr/lib/python3.6/json/__init__.py", line 354, in loads
    return _default_decoder.decode(s)
  File "/usr/lib/python3.6/json/decoder.py", line 339, in decode
    obj, end = self.raw_decode(s, idx=_w(s, 0).end())
  File "/usr/lib/python3.6/json/decoder.py", line 355, in raw_decode
    obj, end = self.scan_once(s, idx)
json.decoder.JSONDecodeError: Expecting property name enclosed in double quotes: line 119 column 1 (char 4003)
2020-07-15 18:23:05,931 : INFO : __main__ : Saving record...
2020-07-15 18:23:05,931 : ERROR : __main__ : Failed in method "Proshop.save_record()": Expecting property name enclosed in double quotes: line 119 column 1 (char 4003)
Traceback (most recent call last):
  File "komplett_scraping.py", line 41, in __init__
    self.save_record()
  File "komplett_scraping.py", line 78, in save_record
    data = json.load(json_file)
  File "/usr/lib/python3.6/json/__init__.py", line 299, in load
    parse_constant=parse_constant, object_pairs_hook=object_pairs_hook, **kw)
  File "/usr/lib/python3.6/json/__init__.py", line 354, in loads
    return _default_decoder.decode(s)
  File "/usr/lib/python3.6/json/decoder.py", line 339, in decode
    obj, end = self.raw_decode(s, idx=_w(s, 0).end())
  File "/usr/lib/python3.6/json/decoder.py", line 355, in raw_decode
    obj, end = self.scan_once(s, idx)
json.decoder.JSONDecodeError: Expecting property name enclosed in double quotes: line 119 column 1 (char 4003)
2020-07-15 18:23:05,931 : DEBUG : __main__ : Initiating instance of class "Proshop"
2020-07-15 18:23:05,931 : DEBUG : __main__ : Category: ssd
2020-07-15 18:23:05,931 : DEBUG : __main__ : URL: https://www.proshop.dk/SSD/Corsair-Force-MP600-NVMe-Gen4-M2-1TB/2779161
2020-07-15 18:23:05,931 : INFO : __main__ : Getting response from URL...
2020-07-15 18:23:06,118 : INFO : __main__ : Got response from URl
2020-07-15 18:23:06,187 : ERROR : __main__ : Failed in method "Proshop.get_info()": Expecting property name enclosed in double quotes: line 119 column 1 (char 4003)
Traceback (most recent call last):
  File "komplett_scraping.py", line 36, in __init__
    self.get_info()
  File "komplett_scraping.py", line 116, in get_info
    self.check_part_num()
  File "komplett_scraping.py", line 60, in check_part_num
    data = json.load(json_file)
  File "/usr/lib/python3.6/json/__init__.py", line 299, in load
    parse_constant=parse_constant, object_pairs_hook=object_pairs_hook, **kw)
  File "/usr/lib/python3.6/json/__init__.py", line 354, in loads
    return _default_decoder.decode(s)
  File "/usr/lib/python3.6/json/decoder.py", line 339, in decode
    obj, end = self.raw_decode(s, idx=_w(s, 0).end())
  File "/usr/lib/python3.6/json/decoder.py", line 355, in raw_decode
    obj, end = self.scan_once(s, idx)
json.decoder.JSONDecodeError: Expecting property name enclosed in double quotes: line 119 column 1 (char 4003)
2020-07-15 18:23:06,187 : INFO : __main__ : Saving record...
2020-07-15 18:23:06,188 : ERROR : __main__ : Failed in method "Proshop.save_record()": Expecting property name enclosed in double quotes: line 119 column 1 (char 4003)
Traceback (most recent call last):
  File "komplett_scraping.py", line 41, in __init__
    self.save_record()
  File "komplett_scraping.py", line 78, in save_record
    data = json.load(json_file)
  File "/usr/lib/python3.6/json/__init__.py", line 299, in load
    parse_constant=parse_constant, object_pairs_hook=object_pairs_hook, **kw)
  File "/usr/lib/python3.6/json/__init__.py", line 354, in loads
    return _default_decoder.decode(s)
  File "/usr/lib/python3.6/json/decoder.py", line 339, in decode
    obj, end = self.raw_decode(s, idx=_w(s, 0).end())
  File "/usr/lib/python3.6/json/decoder.py", line 355, in raw_decode
    obj, end = self.scan_once(s, idx)
json.decoder.JSONDecodeError: Expecting property name enclosed in double quotes: line 119 column 1 (char 4003)
2020-07-15 18:24:48,660 : DEBUG : __main__ : Initiating instance of class "Komplett"
2020-07-15 18:24:48,660 : DEBUG : __main__ : Category: gpu
2020-07-15 18:24:48,660 : DEBUG : __main__ : URL: https://www.komplett.dk/product/1103205/hardware/pc-komponenter/grafikkort/asus-geforce-rtx-2080-ti-rog-strix-oc#
2020-07-15 18:24:48,660 : INFO : __main__ : Getting response from URL...
2020-07-15 18:24:48,731 : INFO : __main__ : Got response from URL
2020-07-15 18:24:48,835 : INFO : __main__ : Saving record...
2020-07-15 18:24:48,836 : INFO : __main__ : Record saved
2020-07-15 18:24:48,836 : DEBUG : __main__ : Initiating instance of class "Komplett"
2020-07-15 18:24:48,836 : DEBUG : __main__ : Category: ssd
2020-07-15 18:24:48,836 : DEBUG : __main__ : URL: https://www.komplett.dk/product/1133452/hardware/lagring/harddiskssd/ssd-m2/corsair-force-series-mp600-1tb-m2-ssd#
2020-07-15 18:24:48,836 : INFO : __main__ : Getting response from URL...
2020-07-15 18:24:48,898 : INFO : __main__ : Got response from URL
2020-07-15 18:24:49,000 : INFO : __main__ : Saving record...
2020-07-15 18:24:49,002 : INFO : __main__ : Record saved
2020-07-15 18:24:49,002 : DEBUG : __main__ : Initiating instance of class "Proshop"
2020-07-15 18:24:49,002 : DEBUG : __main__ : Category: gpu
2020-07-15 18:24:49,002 : DEBUG : __main__ : URL: https://www.proshop.dk/Grafikkort/ASUS-GeForce-RTX-2080-Ti-ROG-STRIX-OC-11GB-GDDR6-RAM-Grafikkort/2679518
2020-07-15 18:24:49,002 : INFO : __main__ : Getting response from URL...
2020-07-15 18:24:49,254 : INFO : __main__ : Got response from URl
2020-07-15 18:24:49,342 : INFO : __main__ : Saving record...
2020-07-15 18:24:49,343 : INFO : __main__ : Record saved
2020-07-15 18:24:49,344 : DEBUG : __main__ : Initiating instance of class "Proshop"
2020-07-15 18:24:49,344 : DEBUG : __main__ : Category: ssd
2020-07-15 18:24:49,344 : DEBUG : __main__ : URL: https://www.proshop.dk/SSD/Corsair-Force-MP600-NVMe-Gen4-M2-1TB/2779161
2020-07-15 18:24:49,344 : INFO : __main__ : Getting response from URL...
2020-07-15 18:24:49,533 : INFO : __main__ : Got response from URl
2020-07-15 18:24:49,606 : INFO : __main__ : Saving record...
2020-07-15 18:24:49,607 : INFO : __main__ : Record saved
2020-07-15 18:25:04,816 : DEBUG : __main__ : Initiating instance of class "Komplett"
2020-07-15 18:25:04,816 : DEBUG : __main__ : Category: gpu
2020-07-15 18:25:04,816 : DEBUG : __main__ : URL: https://www.komplett.dk/product/1103205/hardware/pc-komponenter/grafikkort/asus-geforce-rtx-2080-ti-rog-strix-oc#
2020-07-15 18:25:04,817 : INFO : __main__ : Getting response from URL...
2020-07-15 18:25:04,882 : INFO : __main__ : Got response from URL
2020-07-15 18:25:04,983 : INFO : __main__ : Saving record...
2020-07-15 18:25:04,984 : INFO : __main__ : Record saved
2020-07-15 18:25:04,985 : DEBUG : __main__ : Initiating instance of class "Komplett"
2020-07-15 18:25:04,985 : DEBUG : __main__ : Category: ssd
2020-07-15 18:25:04,985 : DEBUG : __main__ : URL: https://www.komplett.dk/product/1133452/hardware/lagring/harddiskssd/ssd-m2/corsair-force-series-mp600-1tb-m2-ssd#
2020-07-15 18:25:04,985 : INFO : __main__ : Getting response from URL...
2020-07-15 18:25:05,284 : INFO : __main__ : Got response from URL
2020-07-15 18:25:05,383 : INFO : __main__ : Saving record...
2020-07-15 18:25:05,384 : INFO : __main__ : Record saved
2020-07-15 18:25:05,385 : DEBUG : __main__ : Initiating instance of class "Proshop"
2020-07-15 18:25:05,385 : DEBUG : __main__ : Category: gpu
2020-07-15 18:25:05,385 : DEBUG : __main__ : URL: https://www.proshop.dk/Grafikkort/ASUS-GeForce-RTX-2080-Ti-ROG-STRIX-OC-11GB-GDDR6-RAM-Grafikkort/2679518
2020-07-15 18:25:05,385 : INFO : __main__ : Getting response from URL...
2020-07-15 18:25:05,582 : INFO : __main__ : Got response from URl
2020-07-15 18:25:05,669 : INFO : __main__ : Saving record...
2020-07-15 18:25:05,670 : INFO : __main__ : Record saved
2020-07-15 18:25:05,670 : DEBUG : __main__ : Initiating instance of class "Proshop"
2020-07-15 18:25:05,671 : DEBUG : __main__ : Category: ssd
2020-07-15 18:25:05,671 : DEBUG : __main__ : URL: https://www.proshop.dk/SSD/Corsair-Force-MP600-NVMe-Gen4-M2-1TB/2779161
2020-07-15 18:25:05,671 : INFO : __main__ : Getting response from URL...
2020-07-15 18:25:05,865 : INFO : __main__ : Got response from URl
2020-07-15 18:25:05,937 : INFO : __main__ : Saving record...
2020-07-15 18:25:05,938 : INFO : __main__ : Record saved
2020-07-15 18:33:06,412 : DEBUG : __main__ : Initiating instance of class "Komplett"
2020-07-15 18:33:06,412 : DEBUG : __main__ : Category: gpu
2020-07-15 18:33:06,413 : DEBUG : __main__ : URL: https://www.komplett.dk/product/1103205/hardware/pc-komponenter/grafikkort/asus-geforce-rtx-2080-ti-rog-strix-oc#
2020-07-15 18:33:06,413 : INFO : __main__ : Getting response from URL...
2020-07-15 18:33:06,918 : INFO : __main__ : Got response from URL
2020-07-15 18:33:07,021 : INFO : __main__ : Saving record...
2020-07-15 18:33:07,022 : INFO : __main__ : Record saved
2020-07-15 18:33:07,022 : DEBUG : __main__ : Initiating instance of class "Komplett"
2020-07-15 18:33:07,023 : DEBUG : __main__ : Category: ssd
2020-07-15 18:33:07,023 : DEBUG : __main__ : URL: https://www.komplett.dk/product/1133452/hardware/lagring/harddiskssd/ssd-m2/corsair-force-series-mp600-1tb-m2-ssd#
2020-07-15 18:33:07,023 : INFO : __main__ : Getting response from URL...
2020-07-15 18:33:07,266 : INFO : __main__ : Got response from URL
2020-07-15 18:33:07,367 : INFO : __main__ : Saving record...
2020-07-15 18:33:07,368 : INFO : __main__ : Record saved
2020-07-15 18:33:07,368 : DEBUG : __main__ : Initiating instance of class "Proshop"
2020-07-15 18:33:07,368 : DEBUG : __main__ : Category: gpu
2020-07-15 18:33:07,368 : DEBUG : __main__ : URL: https://www.proshop.dk/Grafikkort/ASUS-GeForce-RTX-2080-Ti-ROG-STRIX-OC-11GB-GDDR6-RAM-Grafikkort/2679518
2020-07-15 18:33:07,368 : INFO : __main__ : Getting response from URL...
2020-07-15 18:33:07,609 : INFO : __main__ : Got response from URl
2020-07-15 18:33:07,696 : INFO : __main__ : Saving record...
2020-07-15 18:33:07,697 : INFO : __main__ : Record saved
2020-07-15 18:33:07,697 : DEBUG : __main__ : Initiating instance of class "Proshop"
2020-07-15 18:33:07,697 : DEBUG : __main__ : Category: ssd
2020-07-15 18:33:07,697 : DEBUG : __main__ : URL: https://www.proshop.dk/SSD/Corsair-Force-MP600-NVMe-Gen4-M2-1TB/2779161
2020-07-15 18:33:07,697 : INFO : __main__ : Getting response from URL...
2020-07-15 18:33:07,976 : INFO : __main__ : Got response from URl
2020-07-15 18:33:08,048 : INFO : __main__ : Saving record...
2020-07-15 18:33:08,050 : INFO : __main__ : Record saved
2020-07-15 18:33:08,050 : DEBUG : __main__ : Initiating instance of class "Proshop"
2020-07-15 18:33:08,050 : DEBUG : __main__ : Category: gpu
2020-07-15 18:33:08,050 : DEBUG : __main__ : URL: https://www.proshop.dk/Grafikkort/ASUS-Radeon-RX-5700-XT-ROG-STRIX-OC-8GB-GDDR6-RAM-Grafikkort/2792486
2020-07-15 18:33:08,050 : INFO : __main__ : Getting response from URL...
2020-07-15 18:33:08,233 : INFO : __main__ : Got response from URl
2020-07-15 18:33:08,309 : ERROR : __main__ : Failed in method "Proshop.get_info()": 'asus radeon rx 5700 xt rog strix oc - 8gb gddr6 ram - grafikkort'
Traceback (most recent call last):
  File "komplett_scraping.py", line 36, in __init__
    self.get_info()
  File "komplett_scraping.py", line 116, in get_info
    self.check_part_num()
  File "komplett_scraping.py", line 61, in check_part_num
    part_num_from_data = data[self.cat][self.name][self.URL_domain]['info']['part_num']
KeyError: 'asus radeon rx 5700 xt rog strix oc - 8gb gddr6 ram - grafikkort'
2020-07-15 18:33:08,310 : INFO : __main__ : Saving record...
2020-07-15 18:33:08,310 : ERROR : __main__ : Failed in method "Proshop.save_record()": 'asus radeon rx 5700 xt rog strix oc - 8gb gddr6 ram - grafikkort'
Traceback (most recent call last):
  File "komplett_scraping.py", line 41, in __init__
    self.save_record()
  File "komplett_scraping.py", line 80, in save_record
    data[self.cat][self.name][self.URL_domain]["dates"][self.date] = {"price": self.price}
KeyError: 'asus radeon rx 5700 xt rog strix oc - 8gb gddr6 ram - grafikkort'
2020-07-15 18:39:10,315 : DEBUG : __main__ : Initiating instance of class "Komplett"
2020-07-15 18:39:10,315 : DEBUG : __main__ : Category: gpu
2020-07-15 18:39:10,315 : DEBUG : __main__ : URL: https://www.komplett.dk/product/1103205/hardware/pc-komponenter/grafikkort/asus-geforce-rtx-2080-ti-rog-strix-oc#
2020-07-15 18:39:10,315 : INFO : __main__ : Getting response from URL...
2020-07-15 18:39:11,337 : INFO : __main__ : Got response from URL
2020-07-15 18:39:11,440 : INFO : __main__ : Saving record...
2020-07-15 18:39:11,441 : INFO : __main__ : Record saved
2020-07-15 18:39:11,441 : DEBUG : __main__ : Initiating instance of class "Komplett"
2020-07-15 18:39:11,441 : DEBUG : __main__ : Category: ssd
2020-07-15 18:39:11,441 : DEBUG : __main__ : URL: https://www.komplett.dk/product/1133452/hardware/lagring/harddiskssd/ssd-m2/corsair-force-series-mp600-1tb-m2-ssd#
2020-07-15 18:39:11,441 : INFO : __main__ : Getting response from URL...
2020-07-15 18:39:20,085 : INFO : __main__ : Got response from URL
2020-07-15 18:39:20,187 : INFO : __main__ : Saving record...
2020-07-15 18:39:20,189 : INFO : __main__ : Record saved
2020-07-15 18:39:20,189 : DEBUG : __main__ : Initiating instance of class "Proshop"
2020-07-15 18:39:20,189 : DEBUG : __main__ : Category: gpu
2020-07-15 18:39:20,189 : DEBUG : __main__ : URL: https://www.proshop.dk/Grafikkort/ASUS-GeForce-RTX-2080-Ti-ROG-STRIX-OC-11GB-GDDR6-RAM-Grafikkort/2679518
2020-07-15 18:39:20,189 : INFO : __main__ : Getting response from URL...
2020-07-15 18:39:20,418 : INFO : __main__ : Got response from URl
2020-07-15 18:39:20,506 : INFO : __main__ : Saving record...
2020-07-15 18:39:20,507 : INFO : __main__ : Record saved
2020-07-15 18:39:20,507 : DEBUG : __main__ : Initiating instance of class "Proshop"
2020-07-15 18:39:20,507 : DEBUG : __main__ : Category: ssd
2020-07-15 18:39:20,507 : DEBUG : __main__ : URL: https://www.proshop.dk/SSD/Corsair-Force-MP600-NVMe-Gen4-M2-1TB/2779161
2020-07-15 18:39:20,507 : INFO : __main__ : Getting response from URL...
2020-07-15 18:39:20,618 : INFO : __main__ : Got response from URl
2020-07-15 18:39:20,690 : INFO : __main__ : Saving record...
2020-07-15 18:39:20,691 : INFO : __main__ : Record saved
2020-07-15 18:39:20,691 : DEBUG : __main__ : Initiating instance of class "Proshop"
2020-07-15 18:39:20,691 : DEBUG : __main__ : Category: gpu
2020-07-15 18:39:20,692 : DEBUG : __main__ : URL: https://www.proshop.dk/Grafikkort/ASUS-Radeon-RX-5700-XT-ROG-STRIX-OC-8GB-GDDR6-RAM-Grafikkort/2792486
2020-07-15 18:39:20,692 : INFO : __main__ : Getting response from URL...
2020-07-15 18:39:20,818 : INFO : __main__ : Got response from URl
2020-07-15 18:39:20,891 : INFO : __main__ : Saving record...
2020-07-15 18:39:20,892 : INFO : __main__ : Record saved
2020-07-16 08:00:03,706 : DEBUG : __main__ : Initiating instance of class "Komplett"
2020-07-16 08:00:03,706 : DEBUG : __main__ : Category: gpu
2020-07-16 08:00:03,706 : DEBUG : __main__ : URL: https://www.komplett.dk/product/1103205/hardware/pc-komponenter/grafikkort/asus-geforce-rtx-2080-ti-rog-strix-oc#
2020-07-16 08:00:03,706 : INFO : __main__ : Getting response from URL...
2020-07-16 08:00:03,865 : DEBUG : __main__ : Initiating instance of class "Komplett"
2020-07-16 08:00:03,866 : DEBUG : __main__ : Category: gpu
2020-07-16 08:00:03,866 : DEBUG : __main__ : URL: https://www.komplett.dk/product/1103205/hardware/pc-komponenter/grafikkort/asus-geforce-rtx-2080-ti-rog-strix-oc#
2020-07-16 08:00:03,866 : INFO : __main__ : Getting response from URL...
2020-07-16 08:00:04,729 : INFO : __main__ : Got response from URL
2020-07-16 08:00:04,741 : INFO : __main__ : Got response from URL
2020-07-16 08:00:04,835 : INFO : __main__ : Saving record...
2020-07-16 08:00:04,837 : INFO : __main__ : Record saved
2020-07-16 08:00:04,837 : DEBUG : __main__ : Initiating instance of class "Komplett"
2020-07-16 08:00:04,837 : DEBUG : __main__ : Category: ssd
2020-07-16 08:00:04,837 : DEBUG : __main__ : URL: https://www.komplett.dk/product/1133452/hardware/lagring/harddiskssd/ssd-m2/corsair-force-series-mp600-1tb-m2-ssd#
2020-07-16 08:00:04,837 : INFO : __main__ : Getting response from URL...
2020-07-16 08:00:04,845 : INFO : __main__ : Saving record...
2020-07-16 08:00:04,846 : INFO : __main__ : Record saved
2020-07-16 08:00:04,846 : DEBUG : __main__ : Initiating instance of class "Komplett"
2020-07-16 08:00:04,847 : DEBUG : __main__ : Category: ssd
2020-07-16 08:00:04,847 : DEBUG : __main__ : URL: https://www.komplett.dk/product/1133452/hardware/lagring/harddiskssd/ssd-m2/corsair-force-series-mp600-1tb-m2-ssd#
2020-07-16 08:00:04,847 : INFO : __main__ : Getting response from URL...
2020-07-16 08:00:05,166 : INFO : __main__ : Got response from URL
2020-07-16 08:00:05,194 : INFO : __main__ : Got response from URL
2020-07-16 08:00:05,272 : INFO : __main__ : Saving record...
2020-07-16 08:00:05,273 : INFO : __main__ : Record saved
2020-07-16 08:00:05,273 : DEBUG : __main__ : Initiating instance of class "Proshop"
2020-07-16 08:00:05,273 : DEBUG : __main__ : Category: gpu
2020-07-16 08:00:05,273 : DEBUG : __main__ : URL: https://www.proshop.dk/Grafikkort/ASUS-GeForce-RTX-2080-Ti-ROG-STRIX-OC-11GB-GDDR6-RAM-Grafikkort/2679518
2020-07-16 08:00:05,273 : INFO : __main__ : Getting response from URL...
2020-07-16 08:00:05,296 : INFO : __main__ : Saving record...
2020-07-16 08:00:05,297 : INFO : __main__ : Record saved
2020-07-16 08:00:05,297 : DEBUG : __main__ : Initiating instance of class "Proshop"
2020-07-16 08:00:05,297 : DEBUG : __main__ : Category: gpu
2020-07-16 08:00:05,297 : DEBUG : __main__ : URL: https://www.proshop.dk/Grafikkort/ASUS-GeForce-RTX-2080-Ti-ROG-STRIX-OC-11GB-GDDR6-RAM-Grafikkort/2679518
2020-07-16 08:00:05,297 : INFO : __main__ : Getting response from URL...
2020-07-16 08:00:05,549 : INFO : __main__ : Got response from URl
2020-07-16 08:00:05,636 : INFO : __main__ : Saving record...
2020-07-16 08:00:05,638 : INFO : __main__ : Record saved
2020-07-16 08:00:05,638 : DEBUG : __main__ : Initiating instance of class "Proshop"
2020-07-16 08:00:05,638 : DEBUG : __main__ : Category: ssd
2020-07-16 08:00:05,638 : DEBUG : __main__ : URL: https://www.proshop.dk/SSD/Corsair-Force-MP600-NVMe-Gen4-M2-1TB/2779161
2020-07-16 08:00:05,638 : INFO : __main__ : Getting response from URL...
2020-07-16 08:00:05,639 : INFO : __main__ : Got response from URl
2020-07-16 08:00:05,727 : INFO : __main__ : Saving record...
2020-07-16 08:00:05,728 : INFO : __main__ : Record saved
2020-07-16 08:00:05,728 : DEBUG : __main__ : Initiating instance of class "Proshop"
2020-07-16 08:00:05,728 : DEBUG : __main__ : Category: ssd
2020-07-16 08:00:05,728 : DEBUG : __main__ : URL: https://www.proshop.dk/SSD/Corsair-Force-MP600-NVMe-Gen4-M2-1TB/2779161
2020-07-16 08:00:05,728 : INFO : __main__ : Getting response from URL...
2020-07-16 08:00:05,845 : INFO : __main__ : Got response from URl
2020-07-16 08:00:05,915 : INFO : __main__ : Saving record...
2020-07-16 08:00:05,916 : INFO : __main__ : Record saved
2020-07-16 08:00:05,916 : DEBUG : __main__ : Initiating instance of class "Proshop"
2020-07-16 08:00:05,916 : DEBUG : __main__ : Category: gpu
2020-07-16 08:00:05,916 : DEBUG : __main__ : URL: https://www.proshop.dk/Grafikkort/ASUS-Radeon-RX-5700-XT-ROG-STRIX-OC-8GB-GDDR6-RAM-Grafikkort/2792486
2020-07-16 08:00:05,916 : INFO : __main__ : Getting response from URL...
2020-07-16 08:00:05,922 : INFO : __main__ : Got response from URl
2020-07-16 08:00:05,992 : INFO : __main__ : Saving record...
2020-07-16 08:00:05,993 : INFO : __main__ : Record saved
2020-07-16 08:00:05,993 : DEBUG : __main__ : Initiating instance of class "Proshop"
2020-07-16 08:00:05,993 : DEBUG : __main__ : Category: gpu
2020-07-16 08:00:05,993 : DEBUG : __main__ : URL: https://www.proshop.dk/Grafikkort/ASUS-Radeon-RX-5700-XT-ROG-STRIX-OC-8GB-GDDR6-RAM-Grafikkort/2792486
2020-07-16 08:00:05,993 : INFO : __main__ : Getting response from URL...
2020-07-16 08:00:06,104 : INFO : __main__ : Got response from URl
2020-07-16 08:00:06,179 : INFO : __main__ : Saving record...
2020-07-16 08:00:06,180 : INFO : __main__ : Record saved
2020-07-16 08:00:06,183 : INFO : __main__ : Got response from URl
2020-07-16 08:00:06,260 : INFO : __main__ : Saving record...
2020-07-16 08:00:06,261 : INFO : __main__ : Record saved
